<?xml version="1.0" encoding="UTF-8"?>
<testsuite xmlns:xsi="http://www.w3.org/2001/XMLSchema-instance" xsi:noNamespaceSchemaLocation="https://maven.apache.org/surefire/maven-surefire-plugin/xsd/surefire-test-report.xsd" name="tetris.AppTest" time="0.094" tests="1" errors="0" skipped="0" failures="0">
  <properties>
    <property name="java.specification.version" value="15"/>
    <property name="sun.cpu.isalist" value="amd64"/>
    <property name="sun.jnu.encoding" value="Cp1251"/>
    <property name="java.class.path" value="C:\Code\JP\tetris\target\test-classes;C:\Code\JP\tetris\target\classes;C:\Users\eeeli\.m2\repository\junit\junit\4.11\junit-4.11.jar;C:\Users\eeeli\.m2\repository\org\hamcrest\hamcrest-core\1.3\hamcrest-core-1.3.jar;"/>
    <property name="java.vm.vendor" value="Oracle Corporation"/>
    <property name="sun.arch.data.model" value="64"/>
    <property name="user.variant" value=""/>
    <property name="java.vendor.url" value="https://java.oracle.com/"/>
    <property name="user.timezone" value="Europe/Moscow"/>
    <property name="os.name" value="Windows 10"/>
    <property name="java.vm.specification.version" value="15"/>
    <property name="sun.java.launcher" value="SUN_STANDARD"/>
    <property name="user.country" value="RU"/>
    <property name="sun.boot.library.path" value="C:\Program Files\Java\jdk-15.0.1\bin"/>
    <property name="sun.java.command" value="C:\Users\eeeli\AppData\Local\Temp\surefire2201740496157730532\surefirebooter18373577848423282481.jar C:\Users\eeeli\AppData\Local\Temp\surefire2201740496157730532 2021-04-19T13-29-51_959-jvmRun1 surefire17301117675620498356tmp surefire_09880645329488274428tmp"/>
    <property name="jdk.debug" value="release"/>
    <property name="surefire.test.class.path" value="C:\Code\JP\tetris\target\test-classes;C:\Code\JP\tetris\target\classes;C:\Users\eeeli\.m2\repository\junit\junit\4.11\junit-4.11.jar;C:\Users\eeeli\.m2\repository\org\hamcrest\hamcrest-core\1.3\hamcrest-core-1.3.jar;"/>
    <property name="sun.cpu.endian" value="little"/>
    <property name="user.home" value="C:\Users\eeeli"/>
    <property name="user.language" value="ru"/>
    <property name="java.specification.vendor" value="Oracle Corporation"/>
    <property name="java.version.date" value="2020-10-20"/>
    <property name="java.home" value="C:\Program Files\Java\jdk-15.0.1"/>
    <property name="file.separator" value="\"/>
    <property name="basedir" value="C:\Code\JP\tetris"/>
    <property name="java.vm.compressedOopsMode" value="32-bit"/>
    <property name="line.separator" value="&#10;"/>
    <property name="java.vm.specification.vendor" value="Oracle Corporation"/>
    <property name="java.specification.name" value="Java Platform API Specification"/>
    <property name="surefire.real.class.path" value="C:\Users\eeeli\AppData\Local\Temp\surefire2201740496157730532\surefirebooter18373577848423282481.jar"/>
    <property name="user.script" value=""/>
    <property name="sun.management.compiler" value="HotSpot 64-Bit Tiered Compilers"/>
    <property name="java.runtime.version" value="15.0.1+9-18"/>
    <property name="user.name" value="eeeli"/>
    <property name="path.separator" value=";"/>
    <property name="os.version" value="10.0"/>
    <property name="java.runtime.name" value="Java(TM) SE Runtime Environment"/>
    <property name="file.encoding" value="Cp1251"/>
    <property name="java.vm.name" value="Java HotSpot(TM) 64-Bit Server VM"/>
    <property name="localRepository" value="C:\Users\eeeli\.m2\repository"/>
    <property name="java.vendor.url.bug" value="https://bugreport.java.com/bugreport/"/>
    <property name="java.io.tmpdir" value="C:\Users\eeeli\AppData\Local\Temp\"/>
    <property name="java.version" value="15.0.1"/>
    <property name="user.dir" value="C:\Code\JP\tetris"/>
    <property name="os.arch" value="amd64"/>
    <property name="java.vm.specification.name" value="Java Virtual Machine Specification"/>
    <property name="sun.os.patch.level" value=""/>
    <property name="java.library.path" value="C:\Program Files\Java\jdk-15.0.1\bin;C:\WINDOWS\Sun\Java\bin;C:\WINDOWS\system32;C:\WINDOWS;C:\Program Files\Common Files\Oracle\Java\javapath;C:\ProgramData\Oracle\Java\javapath;C:\Program Files (x86)\runtime\win64;C:\Program Files (x86)\Common Files\Oracle\Java\javapath;C:\Program Files (x86)\Python38-32\Scripts\;C:\Program Files (x86)\Python38-32\;C:\Windows\system32;C:\Windows;C:\Windows\System32\Wbem;C:\Windows\System32\WindowsPowerShell\v1.0\;C:\Program Files (x86)\NVIDIA Corporation\PhysX\Common;C:\WINDOWS\system32;C:\WINDOWS;C:\WINDOWS\System32\Wbem;C:\WINDOWS\System32\WindowsPowerShell\v1.0\;C:\WINDOWS\System32\OpenSSH\;C:\Program Files\nodejs\;C:\ProgramData\chocolatey\bin;C:\texlive\2020\bin\win32;C:\Program Files\dotnet\;C:\Borland\BCC55;C:\Borland\BCC55\Bin;C:\MinGW\bin;C:\MinGW;C:\Program Files (x86)\Java\jre1.8.0_271\bin;C:\Program Files (x86)\bin;C:\Program Files\Java\jdk-15.0.1;C:\Program Files\Git\cmd;C:\Code\apache-maven-3.6.3\bin;C:\Code\apache-maven-3.6.3\;C:\Users\eeeli\AppData\Local\Programs\Python\Python37;C:\Code\FASM;C:\Program Files\CMake\bin;C:\Users\eeeli\AppData\Local\Programs\Python\Python37\Scripts\;C:\Users\eeeli\AppData\Local\Programs\Python\Python37\;C:\Users\eeeli\AppData\Local\Programs\Python\Python39\Scripts\;C:\Users\eeeli\AppData\Local\Programs\Python\Python39\;C:\tools\neovim\Neovim\bin;C:\Python27;C:\Users\eeeli\AppData\Local\SumatraPDF;C:\Users\eeeli\AppData\Local\atom\bin;D:\Opera GX;D:\Discord\app-0.0.308;C:\Program Files\Far Manager;C:\Program Files (x86)\Steam;C:\Users\eeeli\AppData\Local\osu!;C:\Code\JP\apache-maven-3.6.3\bin;C:\Users\eeeli\AppData\Local\Programs\Microsoft VS Code\bin;C:\ProgramData\chocolatey\bin;;."/>
    <property name="java.vm.info" value="mixed mode, sharing"/>
    <property name="java.vendor" value="Oracle Corporation"/>
    <property name="java.vm.version" value="15.0.1+9-18"/>
    <property name="sun.io.unicode.encoding" value="UnicodeLittle"/>
    <property name="java.class.version" value="59.0"/>
  </properties>
  <testcase name="shouldAnswerWithTrue" classname="tetris.AppTest" time="0.003"/>
</testsuite>